2022-03-13 16:47:39:4739 info: Listening to port 9999
2022-03-13 16:48:26:4826 error: Internal Server Error
2022-03-13 16:48:46:4846 error: Not found
2022-03-13 16:49:07:497 error: "email" is required, "password" is required
2022-03-13 16:49:59:4959 info: Listening to port 9999
2022-03-13 16:50:02:502 info: Listening to port 9999
2022-03-13 16:50:03:503 error: "email" is required, "password" is required
2022-03-13 16:50:04:504 error: "email" is required, "password" is required
2022-03-13 16:50:12:5012 info: Listening to port 9999
2022-03-13 16:50:35:5035 info: Listening to port 9999
2022-03-13 16:51:10:5110 info: Listening to port 9999
2022-03-13 16:53:09:539 info: Listening to port 9999
2022-03-13 16:53:13:5313 info: Listening to port 9999
2022-03-13 16:54:46:5446 info: Listening to port 9999
2022-03-13 16:55:22:5522 info: Listening to port 9999
2022-03-13 16:55:27:5527 info: Listening to port 9999
2022-03-13 16:55:33:5533 info: Listening to port 9999
2022-03-13 16:55:55:5555 info: Listening to port 9999
2022-03-13 22:31:08:318 info: Listening to port 9999
2022-04-01 11:13:21:1321 info: Listening to port 9999
2022-04-01 11:13:41:1341 error: Error
2022-04-01 11:13:52:1352 error: Error
2022-04-01 11:13:56:1356 error: Error
2022-04-01 11:13:59:1359 error: Error
2022-04-01 11:14:03:143 error: Error
2022-04-01 11:14:14:1414 error: Please authenticate
2022-04-01 11:15:29:1529 info: Listening to port 9999
2022-04-01 11:15:32:1532 info: Listening to port 9999
2022-04-01 11:16:21:1621 info: Listening to port 9999
2022-04-01 11:16:25:1625 info: Listening to port 9999
2022-04-01 11:18:20:1820 info: Listening to port 9999
2022-04-01 11:18:33:1833 info: Listening to port 9999
2022-04-01 11:18:37:1837 info: Listening to port 9999
2022-04-01 11:18:46:1846 info: Listening to port 9999
2022-04-01 11:19:03:193 info: Listening to port 9999
2022-04-01 11:25:09:259 info: Listening to port 9999
